{"level":"error","message":"Figma API エラー (getUserInfo): Cannot read properties of undefined (reading 'get')","service":"extbridge","timestamp":"2025-05-17 18:03:51"}
{"level":"error","message":"Figma API エラー (getUserInfo): Cannot read properties of undefined (reading 'get')","service":"extbridge","timestamp":"2025-05-17 18:03:51"}
{"level":"error","message":"GitHub API エラー (getUserInfo): Cannot read properties of undefined (reading 'get')","service":"extbridge","timestamp":"2025-05-17 18:03:51"}
{"level":"error","message":"GitHub API エラー (getUserInfo): Cannot read properties of undefined (reading 'get')","service":"extbridge","timestamp":"2025-05-17 18:03:51"}
{"level":"error","message":"GitHub API エラー (getRepositories): Cannot read properties of undefined (reading 'get')","service":"extbridge","timestamp":"2025-05-17 18:03:51"}
{"level":"error","message":"GitHub API エラー (getRepositories): Cannot read properties of undefined (reading 'get')","service":"extbridge","timestamp":"2025-05-17 18:03:51"}
{"level":"error","message":"GitHub API エラー (getRepositories): Cannot read properties of undefined (reading 'get')","service":"extbridge","timestamp":"2025-05-17 18:03:51"}
{"level":"error","message":"GitHub API エラー (getRepository): Cannot read properties of undefined (reading 'get')","service":"extbridge","timestamp":"2025-05-17 18:03:51"}
{"level":"error","message":"GitHub API エラー (getRepository): Cannot read properties of undefined (reading 'get')","service":"extbridge","timestamp":"2025-05-17 18:03:51"}
{"level":"error","message":"Slack API エラー (getUserInfo): Cannot read properties of undefined (reading 'get')","service":"extbridge","timestamp":"2025-05-17 18:03:51"}
{"level":"error","message":"Slack API エラー (getUserInfo): Cannot read properties of undefined (reading 'get')","service":"extbridge","timestamp":"2025-05-17 18:03:51"}
{"level":"error","message":"Slack API エラー (getUserInfo): Cannot read properties of undefined (reading 'get')","service":"extbridge","timestamp":"2025-05-17 18:03:51"}
{"level":"error","message":"Slack API エラー (getChannels): Cannot read properties of undefined (reading 'get')","service":"extbridge","timestamp":"2025-05-17 18:03:51"}
{"level":"error","message":"Slack API エラー (getChannels): Cannot read properties of undefined (reading 'get')","service":"extbridge","timestamp":"2025-05-17 18:03:51"}
{"level":"error","message":"Slack API エラー (getChannels): Cannot read properties of undefined (reading 'get')","service":"extbridge","timestamp":"2025-05-17 18:03:51"}
{"level":"error","message":"Slack API エラー (getChannels): Cannot read properties of undefined (reading 'get')","service":"extbridge","timestamp":"2025-05-17 18:03:51"}
{"level":"error","message":"トークン検証エラー: callback is not a function","service":"extbridge","timestamp":"2025-05-17 18:03:57"}
{"level":"error","message":"トークン検証エラー: callback is not a function","service":"extbridge","timestamp":"2025-05-17 18:03:57"}
{"level":"error","message":"GitHub API エラー (getUserInfo): Cannot read properties of undefined (reading 'get')","service":"extbridge","timestamp":"2025-05-17 18:11:35"}
{"level":"error","message":"GitHub API エラー (getUserInfo): Cannot read properties of undefined (reading 'get')","service":"extbridge","timestamp":"2025-05-17 18:11:35"}
{"level":"error","message":"GitHub API エラー (getRepositories): Cannot read properties of undefined (reading 'get')","service":"extbridge","timestamp":"2025-05-17 18:11:35"}
{"level":"error","message":"GitHub API エラー (getRepositories): Cannot read properties of undefined (reading 'get')","service":"extbridge","timestamp":"2025-05-17 18:11:35"}
{"level":"error","message":"GitHub API エラー (getRepositories): Cannot read properties of undefined (reading 'get')","service":"extbridge","timestamp":"2025-05-17 18:11:35"}
{"level":"error","message":"GitHub API エラー (getRepository): Cannot read properties of undefined (reading 'get')","service":"extbridge","timestamp":"2025-05-17 18:11:35"}
{"level":"error","message":"GitHub API エラー (getRepository): Cannot read properties of undefined (reading 'get')","service":"extbridge","timestamp":"2025-05-17 18:11:35"}
{"level":"error","message":"Figma API エラー (getUserInfo): Cannot read properties of undefined (reading 'get')","service":"extbridge","timestamp":"2025-05-17 18:11:35"}
{"level":"error","message":"Figma API エラー (getUserInfo): Cannot read properties of undefined (reading 'get')","service":"extbridge","timestamp":"2025-05-17 18:11:35"}
{"level":"error","message":"Slack API エラー (getUserInfo): Cannot read properties of undefined (reading 'get')","service":"extbridge","timestamp":"2025-05-17 18:11:35"}
{"level":"error","message":"Slack API エラー (getUserInfo): Cannot read properties of undefined (reading 'get')","service":"extbridge","timestamp":"2025-05-17 18:11:35"}
{"level":"error","message":"Slack API エラー (getUserInfo): Cannot read properties of undefined (reading 'get')","service":"extbridge","timestamp":"2025-05-17 18:11:35"}
{"level":"error","message":"Slack API エラー (getChannels): Cannot read properties of undefined (reading 'get')","service":"extbridge","timestamp":"2025-05-17 18:11:35"}
{"level":"error","message":"Slack API エラー (getChannels): Cannot read properties of undefined (reading 'get')","service":"extbridge","timestamp":"2025-05-17 18:11:35"}
{"level":"error","message":"Slack API エラー (getChannels): Cannot read properties of undefined (reading 'get')","service":"extbridge","timestamp":"2025-05-17 18:11:35"}
{"level":"error","message":"Slack API エラー (getChannels): Cannot read properties of undefined (reading 'get')","service":"extbridge","timestamp":"2025-05-17 18:11:35"}
{"level":"error","message":"トークン検証エラー: callback is not a function","service":"extbridge","timestamp":"2025-05-17 18:11:36"}
{"level":"error","message":"トークン検証エラー: callback is not a function","service":"extbridge","timestamp":"2025-05-17 18:11:36"}
{"level":"error","message":"Figma API エラー (getUserInfo): Cannot read properties of undefined (reading 'get')","service":"extbridge","timestamp":"2025-05-18 08:12:36"}
{"level":"error","message":"GitHub API エラー (getUserInfo): Cannot read properties of undefined (reading 'get')","service":"extbridge","timestamp":"2025-05-18 08:12:36"}
{"level":"error","message":"GitHub API エラー (getUserInfo): Cannot read properties of undefined (reading 'get')","service":"extbridge","timestamp":"2025-05-18 08:12:36"}
{"level":"error","message":"GitHub API エラー (getRepositories): Cannot read properties of undefined (reading 'get')","service":"extbridge","timestamp":"2025-05-18 08:12:36"}
{"level":"error","message":"GitHub API エラー (getRepositories): Cannot read properties of undefined (reading 'get')","service":"extbridge","timestamp":"2025-05-18 08:12:36"}
{"level":"error","message":"GitHub API エラー (getRepositories): Cannot read properties of undefined (reading 'get')","service":"extbridge","timestamp":"2025-05-18 08:12:36"}
{"level":"error","message":"GitHub API エラー (getRepository): Cannot read properties of undefined (reading 'get')","service":"extbridge","timestamp":"2025-05-18 08:12:36"}
{"level":"error","message":"GitHub API エラー (getRepository): Cannot read properties of undefined (reading 'get')","service":"extbridge","timestamp":"2025-05-18 08:12:36"}
{"level":"error","message":"Figma API エラー (getUserInfo): Cannot read properties of undefined (reading 'get')","service":"extbridge","timestamp":"2025-05-18 08:12:36"}
{"level":"error","message":"Slack API エラー (getUserInfo): Cannot read properties of undefined (reading 'get')","service":"extbridge","timestamp":"2025-05-18 08:12:36"}
{"level":"error","message":"Slack API エラー (getUserInfo): Cannot read properties of undefined (reading 'get')","service":"extbridge","timestamp":"2025-05-18 08:12:36"}
{"level":"error","message":"Slack API エラー (getUserInfo): Cannot read properties of undefined (reading 'get')","service":"extbridge","timestamp":"2025-05-18 08:12:36"}
{"level":"error","message":"Slack API エラー (getChannels): Cannot read properties of undefined (reading 'get')","service":"extbridge","timestamp":"2025-05-18 08:12:36"}
{"level":"error","message":"Slack API エラー (getChannels): Cannot read properties of undefined (reading 'get')","service":"extbridge","timestamp":"2025-05-18 08:12:36"}
{"level":"error","message":"Slack API エラー (getChannels): Cannot read properties of undefined (reading 'get')","service":"extbridge","timestamp":"2025-05-18 08:12:36"}
{"level":"error","message":"Slack API エラー (getChannels): Cannot read properties of undefined (reading 'get')","service":"extbridge","timestamp":"2025-05-18 08:12:36"}
{"level":"error","message":"トークン検証エラー: callback is not a function","service":"extbridge","timestamp":"2025-05-18 08:12:41"}
{"level":"error","message":"トークン検証エラー: callback is not a function","service":"extbridge","timestamp":"2025-05-18 08:12:41"}
{"level":"error","message":"GitHub API エラー (getUserInfo): Cannot read properties of undefined (reading 'get')","service":"extbridge","timestamp":"2025-05-18 08:13:07"}
{"level":"error","message":"GitHub API エラー (getUserInfo): Cannot read properties of undefined (reading 'get')","service":"extbridge","timestamp":"2025-05-18 08:13:08"}
{"level":"error","message":"GitHub API エラー (getRepositories): Cannot read properties of undefined (reading 'get')","service":"extbridge","timestamp":"2025-05-18 08:13:08"}
{"level":"error","message":"GitHub API エラー (getRepositories): Cannot read properties of undefined (reading 'get')","service":"extbridge","timestamp":"2025-05-18 08:13:08"}
{"level":"error","message":"GitHub API エラー (getRepositories): Cannot read properties of undefined (reading 'get')","service":"extbridge","timestamp":"2025-05-18 08:13:08"}
{"level":"error","message":"GitHub API エラー (getRepository): Cannot read properties of undefined (reading 'get')","service":"extbridge","timestamp":"2025-05-18 08:13:08"}
{"level":"error","message":"GitHub API エラー (getRepository): Cannot read properties of undefined (reading 'get')","service":"extbridge","timestamp":"2025-05-18 08:13:08"}
{"level":"error","message":"Figma API エラー (getUserInfo): Cannot read properties of undefined (reading 'get')","service":"extbridge","timestamp":"2025-05-18 08:13:08"}
{"level":"error","message":"Figma API エラー (getUserInfo): Cannot read properties of undefined (reading 'get')","service":"extbridge","timestamp":"2025-05-18 08:13:08"}
{"level":"error","message":"Slack API エラー (getUserInfo): Cannot read properties of undefined (reading 'get')","service":"extbridge","timestamp":"2025-05-18 08:13:08"}
{"level":"error","message":"Slack API エラー (getUserInfo): Cannot read properties of undefined (reading 'get')","service":"extbridge","timestamp":"2025-05-18 08:13:08"}
{"level":"error","message":"Slack API エラー (getUserInfo): Cannot read properties of undefined (reading 'get')","service":"extbridge","timestamp":"2025-05-18 08:13:08"}
{"level":"error","message":"Slack API エラー (getChannels): Cannot read properties of undefined (reading 'get')","service":"extbridge","timestamp":"2025-05-18 08:13:08"}
{"level":"error","message":"Slack API エラー (getChannels): Cannot read properties of undefined (reading 'get')","service":"extbridge","timestamp":"2025-05-18 08:13:08"}
{"level":"error","message":"Slack API エラー (getChannels): Cannot read properties of undefined (reading 'get')","service":"extbridge","timestamp":"2025-05-18 08:13:08"}
{"level":"error","message":"Slack API エラー (getChannels): Cannot read properties of undefined (reading 'get')","service":"extbridge","timestamp":"2025-05-18 08:13:08"}
{"level":"error","message":"トークン検証エラー: callback is not a function","service":"extbridge","timestamp":"2025-05-18 08:13:08"}
{"level":"error","message":"トークン検証エラー: callback is not a function","service":"extbridge","timestamp":"2025-05-18 08:13:08"}
{"level":"error","message":"Slack API エラー (getUserInfo): Cannot read properties of undefined (reading 'get')","service":"extbridge","timestamp":"2025-05-18 08:13:32"}
{"level":"error","message":"Figma API エラー (getUserInfo): Cannot read properties of undefined (reading 'get')","service":"extbridge","timestamp":"2025-05-18 08:13:32"}
{"level":"error","message":"Figma API エラー (getUserInfo): Cannot read properties of undefined (reading 'get')","service":"extbridge","timestamp":"2025-05-18 08:13:32"}
{"level":"error","message":"Slack API エラー (getUserInfo): Cannot read properties of undefined (reading 'get')","service":"extbridge","timestamp":"2025-05-18 08:13:32"}
{"level":"error","message":"Slack API エラー (getUserInfo): Cannot read properties of undefined (reading 'get')","service":"extbridge","timestamp":"2025-05-18 08:13:32"}
{"level":"error","message":"Slack API エラー (getChannels): Cannot read properties of undefined (reading 'get')","service":"extbridge","timestamp":"2025-05-18 08:13:32"}
{"level":"error","message":"Slack API エラー (getChannels): Cannot read properties of undefined (reading 'get')","service":"extbridge","timestamp":"2025-05-18 08:13:32"}
{"level":"error","message":"Slack API エラー (getChannels): Cannot read properties of undefined (reading 'get')","service":"extbridge","timestamp":"2025-05-18 08:13:32"}
{"level":"error","message":"Slack API エラー (getChannels): Cannot read properties of undefined (reading 'get')","service":"extbridge","timestamp":"2025-05-18 08:13:32"}
{"level":"error","message":"GitHub API エラー (getUserInfo): Cannot read properties of undefined (reading 'get')","service":"extbridge","timestamp":"2025-05-18 08:13:32"}
{"level":"error","message":"GitHub API エラー (getUserInfo): Cannot read properties of undefined (reading 'get')","service":"extbridge","timestamp":"2025-05-18 08:13:32"}
{"level":"error","message":"GitHub API エラー (getRepositories): Cannot read properties of undefined (reading 'get')","service":"extbridge","timestamp":"2025-05-18 08:13:32"}
{"level":"error","message":"GitHub API エラー (getRepositories): Cannot read properties of undefined (reading 'get')","service":"extbridge","timestamp":"2025-05-18 08:13:32"}
{"level":"error","message":"GitHub API エラー (getRepositories): Cannot read properties of undefined (reading 'get')","service":"extbridge","timestamp":"2025-05-18 08:13:32"}
{"level":"error","message":"GitHub API エラー (getRepository): Cannot read properties of undefined (reading 'get')","service":"extbridge","timestamp":"2025-05-18 08:13:32"}
{"level":"error","message":"GitHub API エラー (getRepository): Cannot read properties of undefined (reading 'get')","service":"extbridge","timestamp":"2025-05-18 08:13:32"}
{"level":"error","message":"トークン検証エラー: callback is not a function","service":"extbridge","timestamp":"2025-05-18 08:13:32"}
{"level":"error","message":"トークン検証エラー: callback is not a function","service":"extbridge","timestamp":"2025-05-18 08:13:32"}
{"level":"error","message":"Figma API エラー (getUserInfo): Cannot read properties of undefined (reading 'get')","service":"extbridge","timestamp":"2025-05-18 08:17:06"}
{"level":"error","message":"Figma API エラー (getUserInfo): Cannot read properties of undefined (reading 'get')","service":"extbridge","timestamp":"2025-05-18 08:17:06"}
{"level":"error","message":"Slack API エラー (getUserInfo): Cannot read properties of undefined (reading 'get')","service":"extbridge","timestamp":"2025-05-18 08:17:06"}
{"level":"error","message":"Slack API エラー (getUserInfo): Cannot read properties of undefined (reading 'get')","service":"extbridge","timestamp":"2025-05-18 08:17:06"}
{"level":"error","message":"Slack API エラー (getUserInfo): Cannot read properties of undefined (reading 'get')","service":"extbridge","timestamp":"2025-05-18 08:17:06"}
{"level":"error","message":"Slack API エラー (getChannels): Cannot read properties of undefined (reading 'get')","service":"extbridge","timestamp":"2025-05-18 08:17:06"}
{"level":"error","message":"Slack API エラー (getChannels): Cannot read properties of undefined (reading 'get')","service":"extbridge","timestamp":"2025-05-18 08:17:06"}
{"level":"error","message":"Slack API エラー (getChannels): Cannot read properties of undefined (reading 'get')","service":"extbridge","timestamp":"2025-05-18 08:17:06"}
{"level":"error","message":"Slack API エラー (getChannels): Cannot read properties of undefined (reading 'get')","service":"extbridge","timestamp":"2025-05-18 08:17:06"}
{"level":"error","message":"GitHub API エラー (getUserInfo): Cannot read properties of undefined (reading 'get')","service":"extbridge","timestamp":"2025-05-18 08:17:06"}
{"level":"error","message":"GitHub API エラー (getUserInfo): Cannot read properties of undefined (reading 'get')","service":"extbridge","timestamp":"2025-05-18 08:17:07"}
{"level":"error","message":"GitHub API エラー (getRepositories): Cannot read properties of undefined (reading 'get')","service":"extbridge","timestamp":"2025-05-18 08:17:07"}
{"level":"error","message":"GitHub API エラー (getRepositories): Cannot read properties of undefined (reading 'get')","service":"extbridge","timestamp":"2025-05-18 08:17:07"}
{"level":"error","message":"GitHub API エラー (getRepositories): Cannot read properties of undefined (reading 'get')","service":"extbridge","timestamp":"2025-05-18 08:17:07"}
{"level":"error","message":"GitHub API エラー (getRepository): Cannot read properties of undefined (reading 'get')","service":"extbridge","timestamp":"2025-05-18 08:17:07"}
{"level":"error","message":"GitHub API エラー (getRepository): Cannot read properties of undefined (reading 'get')","service":"extbridge","timestamp":"2025-05-18 08:17:07"}
{"level":"error","message":"トークン検証エラー: callback is not a function","service":"extbridge","timestamp":"2025-05-18 08:17:07"}
{"level":"error","message":"トークン検証エラー: callback is not a function","service":"extbridge","timestamp":"2025-05-18 08:17:07"}
{"level":"error","message":"Figma API エラー (getUserInfo): Cannot read properties of undefined (reading 'get')","service":"extbridge","timestamp":"2025-05-18 08:20:24"}
{"level":"error","message":"Figma API エラー (getUserInfo): Cannot read properties of undefined (reading 'get')","service":"extbridge","timestamp":"2025-05-18 08:20:24"}
{"level":"error","message":"GitHub API エラー (getUserInfo): Cannot read properties of undefined (reading 'get')","service":"extbridge","timestamp":"2025-05-18 08:20:24"}
{"level":"error","message":"GitHub API エラー (getUserInfo): Cannot read properties of undefined (reading 'get')","service":"extbridge","timestamp":"2025-05-18 08:20:24"}
{"level":"error","message":"GitHub API エラー (getRepositories): Cannot read properties of undefined (reading 'get')","service":"extbridge","timestamp":"2025-05-18 08:20:24"}
{"level":"error","message":"GitHub API エラー (getRepositories): Cannot read properties of undefined (reading 'get')","service":"extbridge","timestamp":"2025-05-18 08:20:24"}
{"level":"error","message":"GitHub API エラー (getRepositories): Cannot read properties of undefined (reading 'get')","service":"extbridge","timestamp":"2025-05-18 08:20:24"}
{"level":"error","message":"GitHub API エラー (getRepository): Cannot read properties of undefined (reading 'get')","service":"extbridge","timestamp":"2025-05-18 08:20:24"}
{"level":"error","message":"GitHub API エラー (getRepository): Cannot read properties of undefined (reading 'get')","service":"extbridge","timestamp":"2025-05-18 08:20:24"}
{"level":"error","message":"Slack API エラー (getUserInfo): Cannot read properties of undefined (reading 'get')","service":"extbridge","timestamp":"2025-05-18 08:20:24"}
{"level":"error","message":"Slack API エラー (getUserInfo): Cannot read properties of undefined (reading 'get')","service":"extbridge","timestamp":"2025-05-18 08:20:24"}
{"level":"error","message":"Slack API エラー (getUserInfo): Cannot read properties of undefined (reading 'get')","service":"extbridge","timestamp":"2025-05-18 08:20:24"}
{"level":"error","message":"Slack API エラー (getChannels): Cannot read properties of undefined (reading 'get')","service":"extbridge","timestamp":"2025-05-18 08:20:24"}
{"level":"error","message":"Slack API エラー (getChannels): Cannot read properties of undefined (reading 'get')","service":"extbridge","timestamp":"2025-05-18 08:20:24"}
{"level":"error","message":"Slack API エラー (getChannels): Cannot read properties of undefined (reading 'get')","service":"extbridge","timestamp":"2025-05-18 08:20:24"}
{"level":"error","message":"Slack API エラー (getChannels): Cannot read properties of undefined (reading 'get')","service":"extbridge","timestamp":"2025-05-18 08:20:24"}
{"level":"error","message":"トークン検証エラー: callback is not a function","service":"extbridge","timestamp":"2025-05-18 08:20:25"}
{"level":"error","message":"トークン検証エラー: callback is not a function","service":"extbridge","timestamp":"2025-05-18 08:20:25"}
{"level":"error","message":"GitHub API エラー (getUserInfo): Cannot read properties of undefined (reading 'get')","service":"extbridge","timestamp":"2025-05-18 08:20:47"}
{"level":"error","message":"GitHub API エラー (getUserInfo): Cannot read properties of undefined (reading 'get')","service":"extbridge","timestamp":"2025-05-18 08:20:47"}
{"level":"error","message":"GitHub API エラー (getRepositories): Cannot read properties of undefined (reading 'get')","service":"extbridge","timestamp":"2025-05-18 08:20:47"}
{"level":"error","message":"GitHub API エラー (getRepositories): Cannot read properties of undefined (reading 'get')","service":"extbridge","timestamp":"2025-05-18 08:20:47"}
{"level":"error","message":"GitHub API エラー (getRepositories): Cannot read properties of undefined (reading 'get')","service":"extbridge","timestamp":"2025-05-18 08:20:47"}
{"level":"error","message":"GitHub API エラー (getRepository): Cannot read properties of undefined (reading 'get')","service":"extbridge","timestamp":"2025-05-18 08:20:47"}
{"level":"error","message":"GitHub API エラー (getRepository): Cannot read properties of undefined (reading 'get')","service":"extbridge","timestamp":"2025-05-18 08:20:47"}
{"level":"error","message":"Figma API エラー (getUserInfo): Cannot read properties of undefined (reading 'get')","service":"extbridge","timestamp":"2025-05-18 08:20:47"}
{"level":"error","message":"Figma API エラー (getUserInfo): Cannot read properties of undefined (reading 'get')","service":"extbridge","timestamp":"2025-05-18 08:20:47"}
{"level":"error","message":"Slack API エラー (getUserInfo): Cannot read properties of undefined (reading 'get')","service":"extbridge","timestamp":"2025-05-18 08:20:47"}
{"level":"error","message":"Slack API エラー (getUserInfo): Cannot read properties of undefined (reading 'get')","service":"extbridge","timestamp":"2025-05-18 08:20:48"}
{"level":"error","message":"Slack API エラー (getUserInfo): Cannot read properties of undefined (reading 'get')","service":"extbridge","timestamp":"2025-05-18 08:20:48"}
{"level":"error","message":"Slack API エラー (getChannels): Cannot read properties of undefined (reading 'get')","service":"extbridge","timestamp":"2025-05-18 08:20:48"}
{"level":"error","message":"Slack API エラー (getChannels): Cannot read properties of undefined (reading 'get')","service":"extbridge","timestamp":"2025-05-18 08:20:48"}
{"level":"error","message":"Slack API エラー (getChannels): Cannot read properties of undefined (reading 'get')","service":"extbridge","timestamp":"2025-05-18 08:20:48"}
{"level":"error","message":"Slack API エラー (getChannels): Cannot read properties of undefined (reading 'get')","service":"extbridge","timestamp":"2025-05-18 08:20:48"}
{"level":"error","message":"トークン検証エラー: callback is not a function","service":"extbridge","timestamp":"2025-05-18 08:20:48"}
{"level":"error","message":"トークン検証エラー: callback is not a function","service":"extbridge","timestamp":"2025-05-18 08:20:48"}
{"level":"error","message":"Figma API エラー (getUserInfo): Cannot read properties of undefined (reading 'get')","service":"extbridge","timestamp":"2025-05-18 08:21:10"}
{"level":"error","message":"Figma API エラー (getUserInfo): Cannot read properties of undefined (reading 'get')","service":"extbridge","timestamp":"2025-05-18 08:21:10"}
{"level":"error","message":"GitHub API エラー (getUserInfo): Cannot read properties of undefined (reading 'get')","service":"extbridge","timestamp":"2025-05-18 08:21:10"}
{"level":"error","message":"GitHub API エラー (getUserInfo): Cannot read properties of undefined (reading 'get')","service":"extbridge","timestamp":"2025-05-18 08:21:10"}
{"level":"error","message":"GitHub API エラー (getRepositories): Cannot read properties of undefined (reading 'get')","service":"extbridge","timestamp":"2025-05-18 08:21:10"}
{"level":"error","message":"GitHub API エラー (getRepositories): Cannot read properties of undefined (reading 'get')","service":"extbridge","timestamp":"2025-05-18 08:21:10"}
{"level":"error","message":"GitHub API エラー (getRepositories): Cannot read properties of undefined (reading 'get')","service":"extbridge","timestamp":"2025-05-18 08:21:10"}
{"level":"error","message":"GitHub API エラー (getRepository): Cannot read properties of undefined (reading 'get')","service":"extbridge","timestamp":"2025-05-18 08:21:10"}
{"level":"error","message":"GitHub API エラー (getRepository): Cannot read properties of undefined (reading 'get')","service":"extbridge","timestamp":"2025-05-18 08:21:10"}
{"level":"error","message":"Slack API エラー (getUserInfo): Cannot read properties of undefined (reading 'get')","service":"extbridge","timestamp":"2025-05-18 08:21:10"}
{"level":"error","message":"Slack API エラー (getUserInfo): Cannot read properties of undefined (reading 'get')","service":"extbridge","timestamp":"2025-05-18 08:21:10"}
{"level":"error","message":"Slack API エラー (getUserInfo): Cannot read properties of undefined (reading 'get')","service":"extbridge","timestamp":"2025-05-18 08:21:10"}
{"level":"error","message":"Slack API エラー (getChannels): Cannot read properties of undefined (reading 'get')","service":"extbridge","timestamp":"2025-05-18 08:21:10"}
{"level":"error","message":"Slack API エラー (getChannels): Cannot read properties of undefined (reading 'get')","service":"extbridge","timestamp":"2025-05-18 08:21:10"}
{"level":"error","message":"Slack API エラー (getChannels): Cannot read properties of undefined (reading 'get')","service":"extbridge","timestamp":"2025-05-18 08:21:10"}
{"level":"error","message":"Slack API エラー (getChannels): Cannot read properties of undefined (reading 'get')","service":"extbridge","timestamp":"2025-05-18 08:21:10"}
{"level":"error","message":"トークン検証エラー: callback is not a function","service":"extbridge","timestamp":"2025-05-18 08:21:10"}
{"level":"error","message":"トークン検証エラー: callback is not a function","service":"extbridge","timestamp":"2025-05-18 08:21:10"}
{"level":"error","message":"GitHub API エラー (getUserInfo): Cannot read properties of undefined (reading 'get')","service":"extbridge","timestamp":"2025-05-18 08:21:55"}
{"level":"error","message":"GitHub API エラー (getUserInfo): Cannot read properties of undefined (reading 'get')","service":"extbridge","timestamp":"2025-05-18 08:21:55"}
{"level":"error","message":"GitHub API エラー (getRepositories): Cannot read properties of undefined (reading 'get')","service":"extbridge","timestamp":"2025-05-18 08:21:55"}
{"level":"error","message":"GitHub API エラー (getRepositories): Cannot read properties of undefined (reading 'get')","service":"extbridge","timestamp":"2025-05-18 08:21:55"}
{"level":"error","message":"GitHub API エラー (getRepositories): Cannot read properties of undefined (reading 'get')","service":"extbridge","timestamp":"2025-05-18 08:21:55"}
{"level":"error","message":"GitHub API エラー (getRepository): Cannot read properties of undefined (reading 'get')","service":"extbridge","timestamp":"2025-05-18 08:21:55"}
{"level":"error","message":"GitHub API エラー (getRepository): Cannot read properties of undefined (reading 'get')","service":"extbridge","timestamp":"2025-05-18 08:21:55"}
{"level":"error","message":"Figma API エラー (getUserInfo): Cannot read properties of undefined (reading 'get')","service":"extbridge","timestamp":"2025-05-18 08:21:55"}
{"level":"error","message":"Figma API エラー (getUserInfo): Cannot read properties of undefined (reading 'get')","service":"extbridge","timestamp":"2025-05-18 08:21:55"}
{"level":"error","message":"Slack API エラー (getUserInfo): Cannot read properties of undefined (reading 'get')","service":"extbridge","timestamp":"2025-05-18 08:21:55"}
{"level":"error","message":"Slack API エラー (getUserInfo): Cannot read properties of undefined (reading 'get')","service":"extbridge","timestamp":"2025-05-18 08:21:55"}
{"level":"error","message":"Slack API エラー (getUserInfo): Cannot read properties of undefined (reading 'get')","service":"extbridge","timestamp":"2025-05-18 08:21:55"}
{"level":"error","message":"Slack API エラー (getChannels): Cannot read properties of undefined (reading 'get')","service":"extbridge","timestamp":"2025-05-18 08:21:55"}
{"level":"error","message":"Slack API エラー (getChannels): Cannot read properties of undefined (reading 'get')","service":"extbridge","timestamp":"2025-05-18 08:21:55"}
{"level":"error","message":"Slack API エラー (getChannels): Cannot read properties of undefined (reading 'get')","service":"extbridge","timestamp":"2025-05-18 08:21:55"}
{"level":"error","message":"Slack API エラー (getChannels): Cannot read properties of undefined (reading 'get')","service":"extbridge","timestamp":"2025-05-18 08:21:55"}
{"level":"error","message":"トークン検証エラー: callback is not a function","service":"extbridge","timestamp":"2025-05-18 08:21:55"}
{"level":"error","message":"トークン検証エラー: callback is not a function","service":"extbridge","timestamp":"2025-05-18 08:21:55"}
{"level":"error","message":"Figma API エラー (getUserInfo): Cannot read properties of undefined (reading 'get')","service":"extbridge","timestamp":"2025-05-18 08:22:23"}
{"level":"error","message":"Figma API エラー (getUserInfo): Cannot read properties of undefined (reading 'get')","service":"extbridge","timestamp":"2025-05-18 08:22:23"}
{"level":"error","message":"GitHub API エラー (getUserInfo): Cannot read properties of undefined (reading 'get')","service":"extbridge","timestamp":"2025-05-18 08:22:23"}
{"level":"error","message":"GitHub API エラー (getUserInfo): Cannot read properties of undefined (reading 'get')","service":"extbridge","timestamp":"2025-05-18 08:22:23"}
{"level":"error","message":"GitHub API エラー (getRepositories): Cannot read properties of undefined (reading 'get')","service":"extbridge","timestamp":"2025-05-18 08:22:23"}
{"level":"error","message":"GitHub API エラー (getRepositories): Cannot read properties of undefined (reading 'get')","service":"extbridge","timestamp":"2025-05-18 08:22:23"}
{"level":"error","message":"GitHub API エラー (getRepositories): Cannot read properties of undefined (reading 'get')","service":"extbridge","timestamp":"2025-05-18 08:22:23"}
{"level":"error","message":"GitHub API エラー (getRepository): Cannot read properties of undefined (reading 'get')","service":"extbridge","timestamp":"2025-05-18 08:22:23"}
{"level":"error","message":"GitHub API エラー (getRepository): Cannot read properties of undefined (reading 'get')","service":"extbridge","timestamp":"2025-05-18 08:22:23"}
{"level":"error","message":"Slack API エラー (getUserInfo): Cannot read properties of undefined (reading 'get')","service":"extbridge","timestamp":"2025-05-18 08:22:23"}
{"level":"error","message":"Slack API エラー (getUserInfo): Cannot read properties of undefined (reading 'get')","service":"extbridge","timestamp":"2025-05-18 08:22:23"}
{"level":"error","message":"Slack API エラー (getUserInfo): Cannot read properties of undefined (reading 'get')","service":"extbridge","timestamp":"2025-05-18 08:22:23"}
{"level":"error","message":"Slack API エラー (getChannels): Cannot read properties of undefined (reading 'get')","service":"extbridge","timestamp":"2025-05-18 08:22:23"}
{"level":"error","message":"Slack API エラー (getChannels): Cannot read properties of undefined (reading 'get')","service":"extbridge","timestamp":"2025-05-18 08:22:23"}
{"level":"error","message":"Slack API エラー (getChannels): Cannot read properties of undefined (reading 'get')","service":"extbridge","timestamp":"2025-05-18 08:22:23"}
{"level":"error","message":"Slack API エラー (getChannels): Cannot read properties of undefined (reading 'get')","service":"extbridge","timestamp":"2025-05-18 08:22:23"}
{"level":"error","message":"トークン検証エラー: callback is not a function","service":"extbridge","timestamp":"2025-05-18 08:22:23"}
{"level":"error","message":"トークン検証エラー: callback is not a function","service":"extbridge","timestamp":"2025-05-18 08:22:23"}
{"level":"error","message":"GitHub API エラー (getUserInfo): Cannot read properties of undefined (reading 'get')","service":"extbridge","timestamp":"2025-05-18 08:22:47"}
{"level":"error","message":"GitHub API エラー (getUserInfo): Cannot read properties of undefined (reading 'get')","service":"extbridge","timestamp":"2025-05-18 08:22:47"}
{"level":"error","message":"GitHub API エラー (getRepositories): Cannot read properties of undefined (reading 'get')","service":"extbridge","timestamp":"2025-05-18 08:22:47"}
{"level":"error","message":"GitHub API エラー (getRepositories): Cannot read properties of undefined (reading 'get')","service":"extbridge","timestamp":"2025-05-18 08:22:47"}
{"level":"error","message":"GitHub API エラー (getRepositories): Cannot read properties of undefined (reading 'get')","service":"extbridge","timestamp":"2025-05-18 08:22:47"}
{"level":"error","message":"GitHub API エラー (getRepository): Cannot read properties of undefined (reading 'get')","service":"extbridge","timestamp":"2025-05-18 08:22:47"}
{"level":"error","message":"GitHub API エラー (getRepository): Cannot read properties of undefined (reading 'get')","service":"extbridge","timestamp":"2025-05-18 08:22:47"}
{"level":"error","message":"Figma API エラー (getUserInfo): Cannot read properties of undefined (reading 'get')","service":"extbridge","timestamp":"2025-05-18 08:22:47"}
{"level":"error","message":"Figma API エラー (getUserInfo): Cannot read properties of undefined (reading 'get')","service":"extbridge","timestamp":"2025-05-18 08:22:47"}
{"level":"error","message":"Slack API エラー (getUserInfo): Cannot read properties of undefined (reading 'get')","service":"extbridge","timestamp":"2025-05-18 08:22:47"}
{"level":"error","message":"Slack API エラー (getUserInfo): Cannot read properties of undefined (reading 'get')","service":"extbridge","timestamp":"2025-05-18 08:22:47"}
{"level":"error","message":"Slack API エラー (getUserInfo): Cannot read properties of undefined (reading 'get')","service":"extbridge","timestamp":"2025-05-18 08:22:47"}
{"level":"error","message":"Slack API エラー (getChannels): Cannot read properties of undefined (reading 'get')","service":"extbridge","timestamp":"2025-05-18 08:22:47"}
{"level":"error","message":"Slack API エラー (getChannels): Cannot read properties of undefined (reading 'get')","service":"extbridge","timestamp":"2025-05-18 08:22:47"}
{"level":"error","message":"Slack API エラー (getChannels): Cannot read properties of undefined (reading 'get')","service":"extbridge","timestamp":"2025-05-18 08:22:47"}
{"level":"error","message":"Slack API エラー (getChannels): Cannot read properties of undefined (reading 'get')","service":"extbridge","timestamp":"2025-05-18 08:22:47"}
{"level":"error","message":"トークン検証エラー: callback is not a function","service":"extbridge","timestamp":"2025-05-18 08:22:48"}
{"level":"error","message":"トークン検証エラー: callback is not a function","service":"extbridge","timestamp":"2025-05-18 08:22:48"}
{"level":"error","message":"Slack API エラー (getUserInfo): Cannot read properties of undefined (reading 'get')","service":"extbridge","timestamp":"2025-05-18 08:25:21"}
{"level":"error","message":"Slack API エラー (getUserInfo): Cannot read properties of undefined (reading 'get')","service":"extbridge","timestamp":"2025-05-18 08:25:21"}
{"level":"error","message":"Slack API エラー (getUserInfo): Cannot read properties of undefined (reading 'get')","service":"extbridge","timestamp":"2025-05-18 08:25:21"}
{"level":"error","message":"Slack API エラー (getChannels): Cannot read properties of undefined (reading 'get')","service":"extbridge","timestamp":"2025-05-18 08:25:21"}
{"level":"error","message":"Slack API エラー (getChannels): Cannot read properties of undefined (reading 'get')","service":"extbridge","timestamp":"2025-05-18 08:25:21"}
{"level":"error","message":"Slack API エラー (getChannels): Cannot read properties of undefined (reading 'get')","service":"extbridge","timestamp":"2025-05-18 08:25:21"}
{"level":"error","message":"Slack API エラー (getChannels): Cannot read properties of undefined (reading 'get')","service":"extbridge","timestamp":"2025-05-18 08:25:21"}
{"level":"error","message":"Figma API エラー (getUserInfo): Cannot read properties of undefined (reading 'get')","service":"extbridge","timestamp":"2025-05-18 08:25:21"}
{"level":"error","message":"Figma API エラー (getUserInfo): Cannot read properties of undefined (reading 'get')","service":"extbridge","timestamp":"2025-05-18 08:25:21"}
{"level":"error","message":"トークン検証エラー: callback is not a function","service":"extbridge","timestamp":"2025-05-18 08:25:22"}
{"level":"error","message":"トークン検証エラー: callback is not a function","service":"extbridge","timestamp":"2025-05-18 08:25:22"}
{"level":"error","message":"Figma API エラー (getUserInfo): Cannot read properties of undefined (reading 'get')","service":"extbridge","timestamp":"2025-05-18 08:55:18"}
{"level":"error","message":"Figma API エラー (getUserInfo): Cannot read properties of undefined (reading 'get')","service":"extbridge","timestamp":"2025-05-18 08:55:18"}
{"level":"error","message":"Slack API エラー (getUserInfo): Cannot read properties of undefined (reading 'get')","service":"extbridge","timestamp":"2025-05-18 08:55:18"}
{"level":"error","message":"Slack API エラー (getUserInfo): Cannot read properties of undefined (reading 'get')","service":"extbridge","timestamp":"2025-05-18 08:55:18"}
{"level":"error","message":"Slack API エラー (getUserInfo): Cannot read properties of undefined (reading 'get')","service":"extbridge","timestamp":"2025-05-18 08:55:18"}
{"level":"error","message":"Slack API エラー (getChannels): Cannot read properties of undefined (reading 'get')","service":"extbridge","timestamp":"2025-05-18 08:55:18"}
{"level":"error","message":"Slack API エラー (getChannels): Cannot read properties of undefined (reading 'get')","service":"extbridge","timestamp":"2025-05-18 08:55:18"}
{"level":"error","message":"Slack API エラー (getChannels): Cannot read properties of undefined (reading 'get')","service":"extbridge","timestamp":"2025-05-18 08:55:18"}
{"level":"error","message":"Slack API エラー (getChannels): Cannot read properties of undefined (reading 'get')","service":"extbridge","timestamp":"2025-05-18 08:55:18"}
{"level":"error","message":"トークン検証エラー: callback is not a function","service":"extbridge","timestamp":"2025-05-18 08:55:19"}
{"level":"error","message":"トークン検証エラー: callback is not a function","service":"extbridge","timestamp":"2025-05-18 08:55:19"}
{"level":"error","message":"Slack API エラー (getUserInfo): Cannot read properties of undefined (reading 'get')","service":"extbridge","timestamp":"2025-05-18 09:00:31"}
{"level":"error","message":"Slack API エラー (getUserInfo): Cannot read properties of undefined (reading 'get')","service":"extbridge","timestamp":"2025-05-18 09:00:31"}
{"level":"error","message":"Slack API エラー (getUserInfo): Cannot read properties of undefined (reading 'get')","service":"extbridge","timestamp":"2025-05-18 09:00:31"}
{"level":"error","message":"Slack API エラー (getChannels): Cannot read properties of undefined (reading 'get')","service":"extbridge","timestamp":"2025-05-18 09:00:31"}
{"level":"error","message":"Slack API エラー (getChannels): Cannot read properties of undefined (reading 'get')","service":"extbridge","timestamp":"2025-05-18 09:00:31"}
{"level":"error","message":"Slack API エラー (getChannels): Cannot read properties of undefined (reading 'get')","service":"extbridge","timestamp":"2025-05-18 09:00:31"}
{"level":"error","message":"Slack API エラー (getChannels): Cannot read properties of undefined (reading 'get')","service":"extbridge","timestamp":"2025-05-18 09:00:31"}
{"level":"error","message":"Figma API エラー (getUserInfo): Cannot read properties of undefined (reading 'get')","service":"extbridge","timestamp":"2025-05-18 09:00:31"}
{"level":"error","message":"Figma API エラー (getUserInfo): Cannot read properties of undefined (reading 'get')","service":"extbridge","timestamp":"2025-05-18 09:00:32"}
{"level":"error","message":"トークン検証エラー: callback is not a function","service":"extbridge","timestamp":"2025-05-18 09:00:32"}
{"level":"error","message":"トークン検証エラー: callback is not a function","service":"extbridge","timestamp":"2025-05-18 09:00:32"}
{"level":"error","message":"Figma API エラー (getUserInfo): Cannot read properties of undefined (reading 'get')","service":"extbridge","timestamp":"2025-05-18 13:56:08"}
{"level":"error","message":"Figma API エラー (getUserInfo): Cannot read properties of undefined (reading 'get')","service":"extbridge","timestamp":"2025-05-18 13:56:08"}
{"level":"error","message":"Slack API エラー (getUserInfo): Cannot read properties of undefined (reading 'get')","service":"extbridge","timestamp":"2025-05-18 13:56:08"}
{"level":"error","message":"Slack API エラー (getUserInfo): Cannot read properties of undefined (reading 'get')","service":"extbridge","timestamp":"2025-05-18 13:56:08"}
{"level":"error","message":"Slack API エラー (getUserInfo): Cannot read properties of undefined (reading 'get')","service":"extbridge","timestamp":"2025-05-18 13:56:08"}
{"level":"error","message":"Slack API エラー (getChannels): Cannot read properties of undefined (reading 'get')","service":"extbridge","timestamp":"2025-05-18 13:56:08"}
{"level":"error","message":"Slack API エラー (getChannels): Cannot read properties of undefined (reading 'get')","service":"extbridge","timestamp":"2025-05-18 13:56:08"}
{"level":"error","message":"Slack API エラー (getChannels): Cannot read properties of undefined (reading 'get')","service":"extbridge","timestamp":"2025-05-18 13:56:08"}
{"level":"error","message":"Slack API エラー (getChannels): Cannot read properties of undefined (reading 'get')","service":"extbridge","timestamp":"2025-05-18 13:56:08"}
{"level":"error","message":"トークン検証エラー: callback is not a function","service":"extbridge","timestamp":"2025-05-18 13:56:14"}
{"level":"error","message":"トークン検証エラー: callback is not a function","service":"extbridge","timestamp":"2025-05-18 13:56:14"}
{"level":"error","message":"Slack API エラー (getUserInfo): Cannot read properties of undefined (reading 'get')","service":"extbridge","timestamp":"2025-05-18 15:38:18"}
{"level":"error","message":"Slack API エラー (getUserInfo): Cannot read properties of undefined (reading 'get')","service":"extbridge","timestamp":"2025-05-18 15:38:18"}
{"level":"error","message":"Slack API エラー (getUserInfo): Cannot read properties of undefined (reading 'get')","service":"extbridge","timestamp":"2025-05-18 15:38:18"}
{"level":"error","message":"Slack API エラー (getChannels): Cannot read properties of undefined (reading 'get')","service":"extbridge","timestamp":"2025-05-18 15:38:18"}
{"level":"error","message":"Slack API エラー (getChannels): Cannot read properties of undefined (reading 'get')","service":"extbridge","timestamp":"2025-05-18 15:38:18"}
{"level":"error","message":"Slack API エラー (getChannels): Cannot read properties of undefined (reading 'get')","service":"extbridge","timestamp":"2025-05-18 15:38:18"}
{"level":"error","message":"Slack API エラー (getChannels): Cannot read properties of undefined (reading 'get')","service":"extbridge","timestamp":"2025-05-18 15:38:19"}
{"level":"error","message":"Figma API エラー (getUserInfo): Cannot read properties of undefined (reading 'get')","service":"extbridge","timestamp":"2025-05-18 15:38:19"}
{"level":"error","message":"Figma API エラー (getUserInfo): Cannot read properties of undefined (reading 'get')","service":"extbridge","timestamp":"2025-05-18 15:38:19"}
{"level":"error","message":"トークン検証エラー: callback is not a function","service":"extbridge","timestamp":"2025-05-18 15:38:20"}
{"level":"error","message":"トークン検証エラー: callback is not a function","service":"extbridge","timestamp":"2025-05-18 15:38:20"}
{"level":"error","message":"Figma API エラー (getUserInfo): Cannot read properties of undefined (reading 'get')","service":"extbridge","timestamp":"2025-05-18 16:14:24"}
{"level":"error","message":"Figma API エラー (getUserInfo): Cannot read properties of undefined (reading 'get')","service":"extbridge","timestamp":"2025-05-18 16:14:25"}
{"level":"error","message":"Slack API エラー (getUserInfo): Cannot read properties of undefined (reading 'get')","service":"extbridge","timestamp":"2025-05-18 16:14:25"}
{"level":"error","message":"Slack API エラー (getUserInfo): Cannot read properties of undefined (reading 'get')","service":"extbridge","timestamp":"2025-05-18 16:14:25"}
{"level":"error","message":"Slack API エラー (getUserInfo): Cannot read properties of undefined (reading 'get')","service":"extbridge","timestamp":"2025-05-18 16:14:25"}
{"level":"error","message":"Slack API エラー (getChannels): Cannot read properties of undefined (reading 'get')","service":"extbridge","timestamp":"2025-05-18 16:14:25"}
{"level":"error","message":"Slack API エラー (getChannels): Cannot read properties of undefined (reading 'get')","service":"extbridge","timestamp":"2025-05-18 16:14:25"}
{"level":"error","message":"Slack API エラー (getChannels): Cannot read properties of undefined (reading 'get')","service":"extbridge","timestamp":"2025-05-18 16:14:25"}
{"level":"error","message":"Slack API エラー (getChannels): Cannot read properties of undefined (reading 'get')","service":"extbridge","timestamp":"2025-05-18 16:14:25"}
{"level":"error","message":"トークン検証エラー: callback is not a function","service":"extbridge","timestamp":"2025-05-18 16:14:26"}
{"level":"error","message":"トークン検証エラー: callback is not a function","service":"extbridge","timestamp":"2025-05-18 16:14:26"}
{"level":"error","message":"Slack API エラー (getUserInfo): Cannot read properties of undefined (reading 'get')","service":"extbridge","timestamp":"2025-05-18 19:59:26"}
{"level":"error","message":"Slack API エラー (getUserInfo): Cannot read properties of undefined (reading 'get')","service":"extbridge","timestamp":"2025-05-18 19:59:26"}
{"level":"error","message":"Slack API エラー (getUserInfo): Cannot read properties of undefined (reading 'get')","service":"extbridge","timestamp":"2025-05-18 19:59:26"}
{"level":"error","message":"Slack API エラー (getChannels): Cannot read properties of undefined (reading 'get')","service":"extbridge","timestamp":"2025-05-18 19:59:26"}
{"level":"error","message":"Slack API エラー (getChannels): Cannot read properties of undefined (reading 'get')","service":"extbridge","timestamp":"2025-05-18 19:59:26"}
{"level":"error","message":"Slack API エラー (getChannels): Cannot read properties of undefined (reading 'get')","service":"extbridge","timestamp":"2025-05-18 19:59:26"}
{"level":"error","message":"Slack API エラー (getChannels): Cannot read properties of undefined (reading 'get')","service":"extbridge","timestamp":"2025-05-18 19:59:26"}
{"level":"error","message":"Figma API エラー (getUserInfo): Cannot read properties of undefined (reading 'get')","service":"extbridge","timestamp":"2025-05-18 19:59:28"}
{"level":"error","message":"Figma API エラー (getUserInfo): Cannot read properties of undefined (reading 'get')","service":"extbridge","timestamp":"2025-05-18 19:59:28"}
{"level":"error","message":"トークン検証エラー: callback is not a function","service":"extbridge","timestamp":"2025-05-18 19:59:30"}
{"level":"error","message":"トークン検証エラー: callback is not a function","service":"extbridge","timestamp":"2025-05-18 19:59:30"}
{"level":"error","message":"Slack API エラー (getUserInfo): Cannot read properties of undefined (reading 'get')","service":"extbridge","timestamp":"2025-05-18 20:01:54"}
{"level":"error","message":"Slack API エラー (getUserInfo): Cannot read properties of undefined (reading 'get')","service":"extbridge","timestamp":"2025-05-18 20:01:54"}
{"level":"error","message":"Slack API エラー (getUserInfo): Cannot read properties of undefined (reading 'get')","service":"extbridge","timestamp":"2025-05-18 20:01:54"}
{"level":"error","message":"Slack API エラー (getChannels): Cannot read properties of undefined (reading 'get')","service":"extbridge","timestamp":"2025-05-18 20:01:54"}
{"level":"error","message":"Slack API エラー (getChannels): Cannot read properties of undefined (reading 'get')","service":"extbridge","timestamp":"2025-05-18 20:01:54"}
{"level":"error","message":"Slack API エラー (getChannels): Cannot read properties of undefined (reading 'get')","service":"extbridge","timestamp":"2025-05-18 20:01:54"}
{"level":"error","message":"Slack API エラー (getChannels): Cannot read properties of undefined (reading 'get')","service":"extbridge","timestamp":"2025-05-18 20:01:54"}
{"level":"error","message":"Figma API エラー (getUserInfo): Cannot read properties of undefined (reading 'get')","service":"extbridge","timestamp":"2025-05-18 20:01:54"}
{"level":"error","message":"Figma API エラー (getUserInfo): Cannot read properties of undefined (reading 'get')","service":"extbridge","timestamp":"2025-05-18 20:01:54"}
{"level":"error","message":"トークン検証エラー: callback is not a function","service":"extbridge","timestamp":"2025-05-18 20:01:55"}
{"level":"error","message":"トークン検証エラー: callback is not a function","service":"extbridge","timestamp":"2025-05-18 20:01:55"}
{"level":"error","message":"トークン検証エラー: callback is not a function","service":"extbridge","timestamp":"2025-05-18 20:46:25"}
{"level":"error","message":"トークン検証エラー: callback is not a function","service":"extbridge","timestamp":"2025-05-18 20:46:25"}
{"level":"error","message":"Figma API エラー (getUserInfo): Cannot read properties of undefined (reading 'get')","service":"extbridge","timestamp":"2025-05-18 20:46:26"}
{"level":"error","message":"Figma API エラー (getUserInfo): Cannot read properties of undefined (reading 'get')","service":"extbridge","timestamp":"2025-05-18 20:46:26"}
{"level":"error","message":"Slack API エラー (getUserInfo): Cannot read properties of undefined (reading 'get')","service":"extbridge","timestamp":"2025-05-18 20:46:26"}
{"level":"error","message":"Slack API エラー (getUserInfo): Cannot read properties of undefined (reading 'get')","service":"extbridge","timestamp":"2025-05-18 20:46:26"}
{"level":"error","message":"Slack API エラー (getUserInfo): Cannot read properties of undefined (reading 'get')","service":"extbridge","timestamp":"2025-05-18 20:46:26"}
{"level":"error","message":"Slack API エラー (getChannels): Cannot read properties of undefined (reading 'get')","service":"extbridge","timestamp":"2025-05-18 20:46:26"}
{"level":"error","message":"Slack API エラー (getChannels): Cannot read properties of undefined (reading 'get')","service":"extbridge","timestamp":"2025-05-18 20:46:26"}
{"level":"error","message":"Slack API エラー (getChannels): Cannot read properties of undefined (reading 'get')","service":"extbridge","timestamp":"2025-05-18 20:46:26"}
{"level":"error","message":"Slack API エラー (getChannels): Cannot read properties of undefined (reading 'get')","service":"extbridge","timestamp":"2025-05-18 20:46:26"}
{"level":"error","message":"Slack API エラー (getUserInfo): Cannot read properties of undefined (reading 'get')","service":"extbridge","timestamp":"2025-05-18 20:50:27"}
{"level":"error","message":"Slack API エラー (getUserInfo): Cannot read properties of undefined (reading 'get')","service":"extbridge","timestamp":"2025-05-18 20:50:27"}
{"level":"error","message":"Slack API エラー (getUserInfo): Cannot read properties of undefined (reading 'get')","service":"extbridge","timestamp":"2025-05-18 20:50:27"}
{"level":"error","message":"Slack API エラー (getChannels): Cannot read properties of undefined (reading 'get')","service":"extbridge","timestamp":"2025-05-18 20:50:27"}
{"level":"error","message":"Slack API エラー (getChannels): Cannot read properties of undefined (reading 'get')","service":"extbridge","timestamp":"2025-05-18 20:50:27"}
{"level":"error","message":"Slack API エラー (getChannels): Cannot read properties of undefined (reading 'get')","service":"extbridge","timestamp":"2025-05-18 20:50:27"}
{"level":"error","message":"Slack API エラー (getChannels): Cannot read properties of undefined (reading 'get')","service":"extbridge","timestamp":"2025-05-18 20:50:27"}
{"level":"error","message":"Figma API エラー (getUserInfo): Cannot read properties of undefined (reading 'get')","service":"extbridge","timestamp":"2025-05-18 20:50:29"}
{"level":"error","message":"Figma API エラー (getUserInfo): Cannot read properties of undefined (reading 'get')","service":"extbridge","timestamp":"2025-05-18 20:50:29"}
{"level":"error","message":"トークン検証エラー: callback is not a function","service":"extbridge","timestamp":"2025-05-18 20:50:31"}
{"level":"error","message":"トークン検証エラー: callback is not a function","service":"extbridge","timestamp":"2025-05-18 20:50:31"}
{"level":"error","message":"トークン検証エラー: callback is not a function","service":"extbridge","timestamp":"2025-05-19 05:52:40"}
{"level":"error","message":"トークン検証エラー: callback is not a function","service":"extbridge","timestamp":"2025-05-19 05:52:40"}
{"level":"error","message":"Figma API エラー (getUserInfo): Cannot read properties of undefined (reading 'get')","service":"extbridge","timestamp":"2025-05-19 05:52:41"}
{"level":"error","message":"Figma API エラー (getUserInfo): Cannot read properties of undefined (reading 'get')","service":"extbridge","timestamp":"2025-05-19 05:52:41"}
{"level":"error","message":"Slack API エラー (getUserInfo): Cannot read properties of undefined (reading 'get')","service":"extbridge","timestamp":"2025-05-19 05:52:41"}
{"level":"error","message":"Slack API エラー (getUserInfo): Cannot read properties of undefined (reading 'get')","service":"extbridge","timestamp":"2025-05-19 05:52:41"}
{"level":"error","message":"Slack API エラー (getUserInfo): Cannot read properties of undefined (reading 'get')","service":"extbridge","timestamp":"2025-05-19 05:52:41"}
{"level":"error","message":"Slack API エラー (getChannels): Cannot read properties of undefined (reading 'get')","service":"extbridge","timestamp":"2025-05-19 05:52:41"}
{"level":"error","message":"Slack API エラー (getChannels): Cannot read properties of undefined (reading 'get')","service":"extbridge","timestamp":"2025-05-19 05:52:41"}
{"level":"error","message":"Slack API エラー (getChannels): Cannot read properties of undefined (reading 'get')","service":"extbridge","timestamp":"2025-05-19 05:52:41"}
{"level":"error","message":"Slack API エラー (getChannels): Cannot read properties of undefined (reading 'get')","service":"extbridge","timestamp":"2025-05-19 05:52:41"}
{"level":"error","message":"Figma API エラー (getUserInfo): Cannot read properties of undefined (reading 'get')","service":"extbridge","timestamp":"2025-05-19 09:45:03"}
{"level":"error","message":"Figma API エラー (getUserInfo): Cannot read properties of undefined (reading 'get')","service":"extbridge","timestamp":"2025-05-19 09:45:03"}
{"level":"error","message":"Slack API エラー (getUserInfo): Cannot read properties of undefined (reading 'get')","service":"extbridge","timestamp":"2025-05-19 09:45:03"}
{"level":"error","message":"Slack API エラー (getUserInfo): Cannot read properties of undefined (reading 'get')","service":"extbridge","timestamp":"2025-05-19 09:45:03"}
{"level":"error","message":"Slack API エラー (getUserInfo): Cannot read properties of undefined (reading 'get')","service":"extbridge","timestamp":"2025-05-19 09:45:03"}
{"level":"error","message":"Slack API エラー (getChannels): Cannot read properties of undefined (reading 'get')","service":"extbridge","timestamp":"2025-05-19 09:45:03"}
{"level":"error","message":"Slack API エラー (getChannels): Cannot read properties of undefined (reading 'get')","service":"extbridge","timestamp":"2025-05-19 09:45:03"}
{"level":"error","message":"Slack API エラー (getChannels): Cannot read properties of undefined (reading 'get')","service":"extbridge","timestamp":"2025-05-19 09:45:03"}
{"level":"error","message":"Slack API エラー (getChannels): Cannot read properties of undefined (reading 'get')","service":"extbridge","timestamp":"2025-05-19 09:45:03"}
{"level":"error","message":"トークン検証エラー: callback is not a function","service":"extbridge","timestamp":"2025-05-19 09:45:09"}
{"level":"error","message":"トークン検証エラー: callback is not a function","service":"extbridge","timestamp":"2025-05-19 09:45:09"}
{"level":"error","message":"Figma API エラー (getUserInfo): Cannot read properties of undefined (reading 'get')","service":"extbridge","timestamp":"2025-05-19 09:47:23"}
{"level":"error","message":"Figma API エラー (getUserInfo): Cannot read properties of undefined (reading 'get')","service":"extbridge","timestamp":"2025-05-19 09:47:23"}
{"level":"error","message":"Slack API エラー (getUserInfo): Cannot read properties of undefined (reading 'get')","service":"extbridge","timestamp":"2025-05-19 09:47:23"}
{"level":"error","message":"Slack API エラー (getUserInfo): Cannot read properties of undefined (reading 'get')","service":"extbridge","timestamp":"2025-05-19 09:47:23"}
{"level":"error","message":"Slack API エラー (getUserInfo): Cannot read properties of undefined (reading 'get')","service":"extbridge","timestamp":"2025-05-19 09:47:23"}
{"level":"error","message":"Slack API エラー (getChannels): Cannot read properties of undefined (reading 'get')","service":"extbridge","timestamp":"2025-05-19 09:47:23"}
{"level":"error","message":"Slack API エラー (getChannels): Cannot read properties of undefined (reading 'get')","service":"extbridge","timestamp":"2025-05-19 09:47:23"}
{"level":"error","message":"Slack API エラー (getChannels): Cannot read properties of undefined (reading 'get')","service":"extbridge","timestamp":"2025-05-19 09:47:23"}
{"level":"error","message":"Slack API エラー (getChannels): Cannot read properties of undefined (reading 'get')","service":"extbridge","timestamp":"2025-05-19 09:47:23"}
{"level":"error","message":"トークン検証エラー: callback is not a function","service":"extbridge","timestamp":"2025-05-19 09:47:23"}
{"level":"error","message":"トークン検証エラー: callback is not a function","service":"extbridge","timestamp":"2025-05-19 09:47:23"}
{"level":"error","message":"Figma API エラー (getUserInfo): Cannot read properties of undefined (reading 'get')","service":"extbridge","timestamp":"2025-05-19 12:53:30"}
{"level":"error","message":"Figma API エラー (getUserInfo): Cannot read properties of undefined (reading 'get')","service":"extbridge","timestamp":"2025-05-19 12:53:30"}
{"level":"error","message":"Slack API エラー (getUserInfo): Cannot read properties of undefined (reading 'get')","service":"extbridge","timestamp":"2025-05-19 12:53:30"}
{"level":"error","message":"Slack API エラー (getUserInfo): Cannot read properties of undefined (reading 'get')","service":"extbridge","timestamp":"2025-05-19 12:53:30"}
{"level":"error","message":"Slack API エラー (getUserInfo): Cannot read properties of undefined (reading 'get')","service":"extbridge","timestamp":"2025-05-19 12:53:30"}
{"level":"error","message":"Slack API エラー (getChannels): Cannot read properties of undefined (reading 'get')","service":"extbridge","timestamp":"2025-05-19 12:53:30"}
{"level":"error","message":"Slack API エラー (getChannels): Cannot read properties of undefined (reading 'get')","service":"extbridge","timestamp":"2025-05-19 12:53:30"}
{"level":"error","message":"Slack API エラー (getChannels): Cannot read properties of undefined (reading 'get')","service":"extbridge","timestamp":"2025-05-19 12:53:30"}
{"level":"error","message":"Slack API エラー (getChannels): Cannot read properties of undefined (reading 'get')","service":"extbridge","timestamp":"2025-05-19 12:53:30"}
{"level":"error","message":"トークン検証エラー: callback is not a function","service":"extbridge","timestamp":"2025-05-19 12:53:31"}
{"level":"error","message":"トークン検証エラー: callback is not a function","service":"extbridge","timestamp":"2025-05-19 12:53:31"}
